Compilation failed:
    source file: 'C:/Users/arthur.goujon/Documents/REACT_Dev/VideoStreaming/node_modules/opencv-build/opencv/opencv/cmake/checks/cpu_avx512.cpp'
    check option: '    '
===== BUILD LOG =====
Change Dir: C:/Users/arthur.goujon/Documents/REACT_Dev/VideoStreaming/node_modules/opencv-build/opencv/build/CMakeFiles/CMakeTmp

Run Build Command(s):C:/Program Files (x86)/Microsoft Visual Studio/2017/BuildTools/MSBuild/15.0/Bin/MSBuild.exe cmTC_438a5.vcxproj /p:Configuration=Release /p:Platform=x64 /p:VisualStudioVersion=15.0 /v:m && Microsoft (R) Build Engine version 15.9.21+g9802d43bc3 for .NET Framework
Copyright (C) Microsoft Corporation. All rights reserved.

  Microsoft (R) C/C++ Optimizing Compiler Version 19.16.27034 for x64
  Copyright (C) Microsoft Corporation.  All rights reserved.
  
  cpu_avx512.cpp
  cl /c /W3 /WX- /diagnostics:classic /O2 /Ob2 /D WIN32 /D _WINDOWS /D NDEBUG /D "CMAKE_INTDIR=\"Release\"" /D _MBCS /Gm- /EHsc /MD /GS /fp:precise /Zc:wchar_t /Zc:forScope /Zc:inline /GR /Fo"cmTC_438a5.dir\Release\\" /Fd"cmTC_438a5.dir\Release\vc141.pdb" /Gd /TP /errorReport:queue "C:\Users\arthur.goujon\Documents\REACT_Dev\VideoStreaming\node_modules\opencv-build\opencv\opencv\cmake\checks\cpu_avx512.cpp"
  
C:\Users\arthur.goujon\Documents\REACT_Dev\VideoStreaming\node_modules\opencv-build\opencv\opencv\cmake\checks\cpu_avx512.cpp(11): fatal error C1189: #error:  "AVX512 is not supported" [C:\Users\arthur.goujon\Documents\REACT_Dev\VideoStreaming\node_modules\opencv-build\opencv\build\CMakeFiles\CMakeTmp\cmTC_438a5.vcxproj]


===== END =====

Compilation failed:
    source file: 'C:/Users/arthur.goujon/Documents/REACT_Dev/VideoStreaming/node_modules/opencv-build/opencv/opencv/cmake/checks/cpu_avx512skx.cpp'
    check option: '    '
===== BUILD LOG =====
Change Dir: C:/Users/arthur.goujon/Documents/REACT_Dev/VideoStreaming/node_modules/opencv-build/opencv/build/CMakeFiles/CMakeTmp

Run Build Command(s):C:/Program Files (x86)/Microsoft Visual Studio/2017/BuildTools/MSBuild/15.0/Bin/MSBuild.exe cmTC_86f54.vcxproj /p:Configuration=Release /p:Platform=x64 /p:VisualStudioVersion=15.0 /v:m && Microsoft (R) Build Engine version 15.9.21+g9802d43bc3 for .NET Framework
Copyright (C) Microsoft Corporation. All rights reserved.

  Microsoft (R) C/C++ Optimizing Compiler Version 19.16.27034 for x64
  Copyright (C) Microsoft Corporation.  All rights reserved.
  
  cpu_avx512skx.cpp
  cl /c /W3 /WX- /diagnostics:classic /O2 /Ob2 /D WIN32 /D _WINDOWS /D NDEBUG /D "CMAKE_INTDIR=\"Release\"" /D _MBCS /Gm- /EHsc /MD /GS /fp:precise /Zc:wchar_t /Zc:forScope /Zc:inline /GR /Fo"cmTC_86f54.dir\Release\\" /Fd"cmTC_86f54.dir\Release\vc141.pdb" /Gd /TP /errorReport:queue "C:\Users\arthur.goujon\Documents\REACT_Dev\VideoStreaming\node_modules\opencv-build\opencv\opencv\cmake\checks\cpu_avx512skx.cpp"
  
C:\Users\arthur.goujon\Documents\REACT_Dev\VideoStreaming\node_modules\opencv-build\opencv\opencv\cmake\checks\cpu_avx512skx.cpp(15): fatal error C1189: #error:  "AVX512-SKX is not supported" [C:\Users\arthur.goujon\Documents\REACT_Dev\VideoStreaming\node_modules\opencv-build\opencv\build\CMakeFiles\CMakeTmp\cmTC_86f54.vcxproj]


===== END =====

Determining if the function fseeko exists failed with the following output:
Change Dir: C:/Users/arthur.goujon/Documents/REACT_Dev/VideoStreaming/node_modules/opencv-build/opencv/build/CMakeFiles/CMakeTmp

Run Build Command(s):C:/Program Files (x86)/Microsoft Visual Studio/2017/BuildTools/MSBuild/15.0/Bin/MSBuild.exe cmTC_c69dc.vcxproj /p:Configuration=Release /p:Platform=x64 /p:VisualStudioVersion=15.0 /v:m && Microsoft (R) Build Engine version 15.9.21+g9802d43bc3 for .NET Framework
Copyright (C) Microsoft Corporation. All rights reserved.

  Microsoft (R) C/C++ Optimizing Compiler Version 19.16.27034 for x64
  Copyright (C) Microsoft Corporation.  All rights reserved.
  
  CheckFunctionExists.c
  cl /c /W3 /WX- /diagnostics:classic /MP8 /O2 /Ob2 /Oi /D WIN32 /D _WINDOWS /D _CRT_SECURE_NO_DEPRECATE /D _CRT_NONSTDC_NO_DEPRECATE /D _SCL_SECURE_NO_WARNINGS /D CHECK_FUNCTION_EXISTS=fseeko /D NDEBUG /D "CMAKE_INTDIR=\"Release\"" /D _MBCS /Gm- /MD /GS /Gy /fp:precise /Zc:wchar_t /Zc:forScope /Zc:inline /Fo"cmTC_c69dc.dir\Release\\" /Fd"cmTC_c69dc.dir\Release\vc141.pdb" /Gd /TC /errorReport:queue  /bigobj "C:\Program Files\CMake\share\cmake-3.16\Modules\CheckFunctionExists.c"
  
CheckFunctionExists.obj : error LNK2019: unresolved external symbol fseeko referenced in function main [C:\Users\arthur.goujon\Documents\REACT_Dev\VideoStreaming\node_modules\opencv-build\opencv\build\CMakeFiles\CMakeTmp\cmTC_c69dc.vcxproj]
C:\Users\arthur.goujon\Documents\REACT_Dev\VideoStreaming\node_modules\opencv-build\opencv\build\CMakeFiles\CMakeTmp\Release\cmTC_c69dc.exe : fatal error LNK1120: 1 unresolved externals [C:\Users\arthur.goujon\Documents\REACT_Dev\VideoStreaming\node_modules\opencv-build\opencv\build\CMakeFiles\CMakeTmp\cmTC_c69dc.vcxproj]



Determining size of off64_t failed with the following output:
Change Dir: C:/Users/arthur.goujon/Documents/REACT_Dev/VideoStreaming/node_modules/opencv-build/opencv/build/CMakeFiles/CMakeTmp

Run Build Command(s):C:/Program Files (x86)/Microsoft Visual Studio/2017/BuildTools/MSBuild/15.0/Bin/MSBuild.exe cmTC_5aece.vcxproj /p:Configuration=Release /p:Platform=x64 /p:VisualStudioVersion=15.0 /v:m && Microsoft (R) Build Engine version 15.9.21+g9802d43bc3 for .NET Framework
Copyright (C) Microsoft Corporation. All rights reserved.

  Microsoft (R) C/C++ Optimizing Compiler Version 19.16.27034 for x64
  Copyright (C) Microsoft Corporation.  All rights reserved.
  
  OFF64_T.c
  cl /c /W3 /WX- /diagnostics:classic /MP8 /O2 /Ob2 /Oi /D WIN32 /D _WINDOWS /D _CRT_SECURE_NO_DEPRECATE /D _CRT_NONSTDC_NO_DEPRECATE /D _SCL_SECURE_NO_WARNINGS /D NDEBUG /D "CMAKE_INTDIR=\"Release\"" /D _MBCS /Gm- /MD /GS /Gy /fp:precise /Zc:wchar_t /Zc:forScope /Zc:inline /Fo"cmTC_5aece.dir\Release\\" /Fd"cmTC_5aece.dir\Release\vc141.pdb" /Gd /TC /errorReport:queue  /bigobj "C:\Users\arthur.goujon\Documents\REACT_Dev\VideoStreaming\node_modules\opencv-build\opencv\build\CMakeFiles\CheckTypeSize\OFF64_T.c"
  
C:\Users\arthur.goujon\Documents\REACT_Dev\VideoStreaming\node_modules\opencv-build\opencv\build\CMakeFiles\CheckTypeSize\OFF64_T.c(25): error C2065: 'off64_t': undeclared identifier [C:\Users\arthur.goujon\Documents\REACT_Dev\VideoStreaming\node_modules\opencv-build\opencv\build\CMakeFiles\CMakeTmp\cmTC_5aece.vcxproj]
C:\Users\arthur.goujon\Documents\REACT_Dev\VideoStreaming\node_modules\opencv-build\opencv\build\CMakeFiles\CheckTypeSize\OFF64_T.c(26): error C2065: 'off64_t': undeclared identifier [C:\Users\arthur.goujon\Documents\REACT_Dev\VideoStreaming\node_modules\opencv-build\opencv\build\CMakeFiles\CMakeTmp\cmTC_5aece.vcxproj]
C:\Users\arthur.goujon\Documents\REACT_Dev\VideoStreaming\node_modules\opencv-build\opencv\build\CMakeFiles\CheckTypeSize\OFF64_T.c(27): error C2065: 'off64_t': undeclared identifier [C:\Users\arthur.goujon\Documents\REACT_Dev\VideoStreaming\node_modules\opencv-build\opencv\build\CMakeFiles\CMakeTmp\cmTC_5aece.vcxproj]
C:\Users\arthur.goujon\Documents\REACT_Dev\VideoStreaming\node_modules\opencv-build\opencv\build\CMakeFiles\CheckTypeSize\OFF64_T.c(28): error C2065: 'off64_t': undeclared identifier [C:\Users\arthur.goujon\Documents\REACT_Dev\VideoStreaming\node_modules\opencv-build\opencv\build\CMakeFiles\CMakeTmp\cmTC_5aece.vcxproj]
C:\Users\arthur.goujon\Documents\REACT_Dev\VideoStreaming\node_modules\opencv-build\opencv\build\CMakeFiles\CheckTypeSize\OFF64_T.c(29): error C2065: 'off64_t': undeclared identifier [C:\Users\arthur.goujon\Documents\REACT_Dev\VideoStreaming\node_modules\opencv-build\opencv\build\CMakeFiles\CMakeTmp\cmTC_5aece.vcxproj]


C:/Users/arthur.goujon/Documents/REACT_Dev/VideoStreaming/node_modules/opencv-build/opencv/build/CMakeFiles/CheckTypeSize/OFF64_T.c:
#include <sys/types.h>
#include <stdint.h>
#include <stddef.h>


#undef KEY
#if defined(__i386)
# define KEY '_','_','i','3','8','6'
#elif defined(__x86_64)
# define KEY '_','_','x','8','6','_','6','4'
#elif defined(__ppc__)
# define KEY '_','_','p','p','c','_','_'
#elif defined(__ppc64__)
# define KEY '_','_','p','p','c','6','4','_','_'
#elif defined(__aarch64__)
# define KEY '_','_','a','a','r','c','h','6','4','_','_'
#elif defined(__ARM_ARCH_7A__)
# define KEY '_','_','A','R','M','_','A','R','C','H','_','7','A','_','_'
#elif defined(__ARM_ARCH_7S__)
# define KEY '_','_','A','R','M','_','A','R','C','H','_','7','S','_','_'
#endif

#define SIZE (sizeof(off64_t))
static char info_size[] =  {'I', 'N', 'F', 'O', ':', 's','i','z','e','[',
  ('0' + ((SIZE / 10000)%10)),
  ('0' + ((SIZE / 1000)%10)),
  ('0' + ((SIZE / 100)%10)),
  ('0' + ((SIZE / 10)%10)),
  ('0' +  (SIZE    % 10)),
  ']',
#ifdef KEY
  ' ','k','e','y','[', KEY, ']',
#endif
  '\0'};

#ifdef __CLASSIC_C__
int main(argc, argv) int argc; char *argv[];
#else
int main(int argc, char *argv[])
#endif
{
  int require = 0;
  require += info_size[argc];
  (void)argv;
  return require;
}


Determining if the function memmove exists failed with the following output:
Change Dir: C:/Users/arthur.goujon/Documents/REACT_Dev/VideoStreaming/node_modules/opencv-build/opencv/build/CMakeFiles/CMakeTmp

Run Build Command(s):C:/Program Files (x86)/Microsoft Visual Studio/2017/BuildTools/MSBuild/15.0/Bin/MSBuild.exe cmTC_9fab6.vcxproj /p:Configuration=Release /p:Platform=x64 /p:VisualStudioVersion=15.0 /v:m && Microsoft (R) Build Engine version 15.9.21+g9802d43bc3 for .NET Framework
Copyright (C) Microsoft Corporation. All rights reserved.

  Microsoft (R) C/C++ Optimizing Compiler Version 19.16.27034 for x64
  Copyright (C) Microsoft Corporation.  All rights reserved.
  
  CheckFunctionExists.c
  cl /c /W3 /WX- /diagnostics:classic /MP8 /O2 /Ob2 /Oi /D WIN32 /D _WINDOWS /D _CRT_SECURE_NO_DEPRECATE /D _CRT_NONSTDC_NO_DEPRECATE /D _SCL_SECURE_NO_WARNINGS /D CHECK_FUNCTION_EXISTS=memmove /D NDEBUG /D "CMAKE_INTDIR=\"Release\"" /D _MBCS /Gm- /MD /GS /Gy /fp:precise /Zc:wchar_t /Zc:forScope /Zc:inline /Fo"cmTC_9fab6.dir\Release\\" /Fd"cmTC_9fab6.dir\Release\vc141.pdb" /Gd /TC /errorReport:queue  /bigobj "C:\Program Files\CMake\share\cmake-3.16\Modules\CheckFunctionExists.c"
C:\Program Files\CMake\share\cmake-3.16\Modules\CheckFunctionExists.c(7): warning C4391: 'char memmove(void)': incorrect return type for intrinsic function, expected 'void' [C:\Users\arthur.goujon\Documents\REACT_Dev\VideoStreaming\node_modules\opencv-build\opencv\build\CMakeFiles\CMakeTmp\cmTC_9fab6.vcxproj]
C:\Program Files\CMake\share\cmake-3.16\Modules\CheckFunctionExists.c(7): warning C4392: 'char memmove(void)': incorrect number of arguments for intrinsic function, expected '3' arguments [C:\Users\arthur.goujon\Documents\REACT_Dev\VideoStreaming\node_modules\opencv-build\opencv\build\CMakeFiles\CMakeTmp\cmTC_9fab6.vcxproj]
C:\Program Files\CMake\share\cmake-3.16\Modules\CheckFunctionExists.c(17): error C2168: 'memmove': too few actual parameters for intrinsic function [C:\Users\arthur.goujon\Documents\REACT_Dev\VideoStreaming\node_modules\opencv-build\opencv\build\CMakeFiles\CMakeTmp\cmTC_9fab6.vcxproj]
  



Determining if the function strcasecmp exists failed with the following output:
Change Dir: C:/Users/arthur.goujon/Documents/REACT_Dev/VideoStreaming/node_modules/opencv-build/opencv/build/CMakeFiles/CMakeTmp

Run Build Command(s):C:/Program Files (x86)/Microsoft Visual Studio/2017/BuildTools/MSBuild/15.0/Bin/MSBuild.exe cmTC_f1a91.vcxproj /p:Configuration=Release /p:Platform=x64 /p:VisualStudioVersion=15.0 /v:m && Microsoft (R) Build Engine version 15.9.21+g9802d43bc3 for .NET Framework
Copyright (C) Microsoft Corporation. All rights reserved.

  Microsoft (R) C/C++ Optimizing Compiler Version 19.16.27034 for x64
  Copyright (C) Microsoft Corporation.  All rights reserved.
  
  CheckFunctionExists.c
  cl /c /W3 /WX- /diagnostics:classic /MP8 /O2 /Ob2 /Oi /D WIN32 /D _WINDOWS /D _CRT_SECURE_NO_DEPRECATE /D _CRT_NONSTDC_NO_DEPRECATE /D _SCL_SECURE_NO_WARNINGS /D CHECK_FUNCTION_EXISTS=strcasecmp /D NDEBUG /D "CMAKE_INTDIR=\"Release\"" /D _MBCS /Gm- /MD /GS /Gy /fp:precise /Zc:wchar_t /Zc:forScope /Zc:inline /Fo"cmTC_f1a91.dir\Release\\" /Fd"cmTC_f1a91.dir\Release\vc141.pdb" /Gd /TC /errorReport:queue  /bigobj "C:\Program Files\CMake\share\cmake-3.16\Modules\CheckFunctionExists.c"
  
CheckFunctionExists.obj : error LNK2019: unresolved external symbol strcasecmp referenced in function main [C:\Users\arthur.goujon\Documents\REACT_Dev\VideoStreaming\node_modules\opencv-build\opencv\build\CMakeFiles\CMakeTmp\cmTC_f1a91.vcxproj]
C:\Users\arthur.goujon\Documents\REACT_Dev\VideoStreaming\node_modules\opencv-build\opencv\build\CMakeFiles\CMakeTmp\Release\cmTC_f1a91.exe : fatal error LNK1120: 1 unresolved externals [C:\Users\arthur.goujon\Documents\REACT_Dev\VideoStreaming\node_modules\opencv-build\opencv\build\CMakeFiles\CMakeTmp\cmTC_f1a91.vcxproj]



Determining if the function sgemm_ exists failed with the following output:
Change Dir: C:/Users/arthur.goujon/Documents/REACT_Dev/VideoStreaming/node_modules/opencv-build/opencv/build/CMakeFiles/CMakeTmp

Run Build Command(s):C:/Program Files (x86)/Microsoft Visual Studio/2017/BuildTools/MSBuild/15.0/Bin/MSBuild.exe cmTC_a7f4b.vcxproj /p:Configuration=Release /p:Platform=x64 /p:VisualStudioVersion=15.0 /v:m && Microsoft (R) Build Engine version 15.9.21+g9802d43bc3 for .NET Framework
Copyright (C) Microsoft Corporation. All rights reserved.

  Microsoft (R) C/C++ Optimizing Compiler Version 19.16.27034 for x64
  Copyright (C) Microsoft Corporation.  All rights reserved.
  
  CheckFunctionExists.c
  cl /c /W3 /WX- /diagnostics:classic /MP8 /O2 /Ob2 /Oi /D WIN32 /D _WINDOWS /D _CRT_SECURE_NO_DEPRECATE /D _CRT_NONSTDC_NO_DEPRECATE /D _SCL_SECURE_NO_WARNINGS /D CHECK_FUNCTION_EXISTS=sgemm_ /D NDEBUG /D "CMAKE_INTDIR=\"Release\"" /D _MBCS /Gm- /MD /GS /Gy /fp:precise /Zc:wchar_t /Zc:forScope /Zc:inline /Fo"cmTC_a7f4b.dir\Release\\" /Fd"cmTC_a7f4b.dir\Release\vc141.pdb" /Gd /TC /errorReport:queue  /bigobj "C:\Program Files\CMake\share\cmake-3.16\Modules\CheckFunctionExists.c"
  
CheckFunctionExists.obj : error LNK2019: unresolved external symbol sgemm_ referenced in function main [C:\Users\arthur.goujon\Documents\REACT_Dev\VideoStreaming\node_modules\opencv-build\opencv\build\CMakeFiles\CMakeTmp\cmTC_a7f4b.vcxproj]
C:\Users\arthur.goujon\Documents\REACT_Dev\VideoStreaming\node_modules\opencv-build\opencv\build\CMakeFiles\CMakeTmp\Release\cmTC_a7f4b.exe : fatal error LNK1120: 1 unresolved externals [C:\Users\arthur.goujon\Documents\REACT_Dev\VideoStreaming\node_modules\opencv-build\opencv\build\CMakeFiles\CMakeTmp\cmTC_a7f4b.vcxproj]



Determining if the include file pthread.h exists failed with the following output:
Change Dir: C:/Users/arthur.goujon/Documents/REACT_Dev/VideoStreaming/node_modules/opencv-build/opencv/build/CMakeFiles/CMakeTmp

Run Build Command(s):C:/Program Files (x86)/Microsoft Visual Studio/2017/BuildTools/MSBuild/15.0/Bin/MSBuild.exe cmTC_9d403.vcxproj /p:Configuration=Release /p:Platform=x64 /p:VisualStudioVersion=15.0 /v:m && Microsoft (R) Build Engine version 15.9.21+g9802d43bc3 for .NET Framework
Copyright (C) Microsoft Corporation. All rights reserved.

  Microsoft (R) C/C++ Optimizing Compiler Version 19.16.27034 for x64
  Copyright (C) Microsoft Corporation.  All rights reserved.
  
  CheckIncludeFile.c
  cl /c /W3 /WX- /diagnostics:classic /MP8 /O2 /Ob2 /Oi /D WIN32 /D _WINDOWS /D _CRT_SECURE_NO_DEPRECATE /D _CRT_NONSTDC_NO_DEPRECATE /D _SCL_SECURE_NO_WARNINGS /D NDEBUG /D "CMAKE_INTDIR=\"Release\"" /D _MBCS /Gm- /MD /GS /Gy /fp:precise /Zc:wchar_t /Zc:forScope /Zc:inline /Fo"cmTC_9d403.dir\Release\\" /Fd"cmTC_9d403.dir\Release\vc141.pdb" /Gd /TC /errorReport:queue  /bigobj "C:\Users\arthur.goujon\Documents\REACT_Dev\VideoStreaming\node_modules\opencv-build\opencv\build\CMakeFiles\CMakeTmp\CheckIncludeFile.c"
  
C:\Users\arthur.goujon\Documents\REACT_Dev\VideoStreaming\node_modules\opencv-build\opencv\build\CMakeFiles\CMakeTmp\CheckIncludeFile.c(1): fatal error C1083: Cannot open include file: 'pthread.h': No such file or directory [C:\Users\arthur.goujon\Documents\REACT_Dev\VideoStreaming\node_modules\opencv-build\opencv\build\CMakeFiles\CMakeTmp\cmTC_9d403.vcxproj]



